0 info it worked if it ends with ok
1 verbose cli [ '/usr/local/bin/node',
1 verbose cli   '/usr/local/bin/npm',
1 verbose cli   'install',
1 verbose cli   '--save-dev',
1 verbose cli   '--save-exact',
1 verbose cli   'react-native-scripts' ]
2 info using npm@3.10.8
3 info using node@v6.9.1
4 silly loadCurrentTree Starting
5 silly install loadCurrentTree
6 silly install readLocalPackageData
7 silly fetchPackageMetaData react-native-scripts
8 silly fetchNamedPackageData react-native-scripts
9 silly mapToRegistry name react-native-scripts
10 silly mapToRegistry using default registry
11 silly mapToRegistry registry https://registry.npmjs.org/
12 silly mapToRegistry data Result {
12 silly mapToRegistry   raw: 'react-native-scripts',
12 silly mapToRegistry   scope: null,
12 silly mapToRegistry   escapedName: 'react-native-scripts',
12 silly mapToRegistry   name: 'react-native-scripts',
12 silly mapToRegistry   rawSpec: '',
12 silly mapToRegistry   spec: 'latest',
12 silly mapToRegistry   type: 'tag' }
13 silly mapToRegistry uri https://registry.npmjs.org/react-native-scripts
14 verbose request uri https://registry.npmjs.org/react-native-scripts
15 verbose request no auth needed
16 info attempt registry request try #1 at 11:39:55
17 verbose request using bearer token for auth
18 verbose request id 9a6e435760fc523e
19 verbose etag W/"58fe6eef-cfb7"
20 verbose lastModified Mon, 24 Apr 2017 21:32:31 GMT
21 http request GET https://registry.npmjs.org/react-native-scripts
22 http 304 https://registry.npmjs.org/react-native-scripts
23 verbose headers { server: 'nginx/1.10.1',
23 verbose headers   'last-modified': 'Mon, 24 Apr 2017 21:32:31 GMT',
23 verbose headers   etag: '"58fe6eef-cfb7"',
23 verbose headers   'cache-control': 'max-age=300',
23 verbose headers   'accept-ranges': 'bytes',
23 verbose headers   date: 'Tue, 02 May 2017 03:39:57 GMT',
23 verbose headers   via: '1.1 varnish',
23 verbose headers   connection: 'keep-alive',
23 verbose headers   'x-served-by': 'cache-itm7426-ITM',
23 verbose headers   'x-cache': 'MISS',
23 verbose headers   'x-cache-hits': '0',
23 verbose headers   'x-timer': 'S1493696397.469548,VS0,VE129',
23 verbose headers   vary: 'Accept-Encoding' }
24 silly get cb [ 304,
24 silly get   { server: 'nginx/1.10.1',
24 silly get     'last-modified': 'Mon, 24 Apr 2017 21:32:31 GMT',
24 silly get     etag: '"58fe6eef-cfb7"',
24 silly get     'cache-control': 'max-age=300',
24 silly get     'accept-ranges': 'bytes',
24 silly get     date: 'Tue, 02 May 2017 03:39:57 GMT',
24 silly get     via: '1.1 varnish',
24 silly get     connection: 'keep-alive',
24 silly get     'x-served-by': 'cache-itm7426-ITM',
24 silly get     'x-cache': 'MISS',
24 silly get     'x-cache-hits': '0',
24 silly get     'x-timer': 'S1493696397.469548,VS0,VE129',
24 silly get     vary: 'Accept-Encoding' } ]
25 verbose etag https://registry.npmjs.org/react-native-scripts from cache
26 verbose get saving react-native-scripts to /Users/qiaoguoqiang/.npm/registry.npmjs.org/react-native-scripts/.cache.json
27 verbose correctMkdir /Users/qiaoguoqiang/.npm correctMkdir not in flight; initializing
28 silly install normalizeTree
29 silly loadCurrentTree Finishing
30 silly loadIdealTree Starting
31 silly install loadIdealTree
32 silly cloneCurrentTree Starting
33 silly install cloneCurrentTreeToIdealTree
34 silly cloneCurrentTree Finishing
35 silly loadShrinkwrap Starting
36 silly install loadShrinkwrap
37 silly loadShrinkwrap Finishing
38 silly loadAllDepsIntoIdealTree Starting
39 silly install loadAllDepsIntoIdealTree
40 silly resolveWithNewModule react-native-scripts@0.0.29 checking installable status
41 silly cache add args [ 'react-native-scripts', null ]
42 verbose cache add spec react-native-scripts
43 silly cache add parsed spec Result {
43 silly cache add   raw: 'react-native-scripts',
43 silly cache add   scope: null,
43 silly cache add   escapedName: 'react-native-scripts',
43 silly cache add   name: 'react-native-scripts',
43 silly cache add   rawSpec: '',
43 silly cache add   spec: 'latest',
43 silly cache add   type: 'tag' }
44 silly addNamed react-native-scripts@latest
45 verbose addNamed "latest" is being treated as a dist-tag for react-native-scripts
46 info addNameTag [ 'react-native-scripts', 'latest' ]
47 silly mapToRegistry name react-native-scripts
48 silly mapToRegistry using default registry
49 silly mapToRegistry registry https://registry.npmjs.org/
50 silly mapToRegistry data Result {
50 silly mapToRegistry   raw: 'react-native-scripts',
50 silly mapToRegistry   scope: null,
50 silly mapToRegistry   escapedName: 'react-native-scripts',
50 silly mapToRegistry   name: 'react-native-scripts',
50 silly mapToRegistry   rawSpec: '',
50 silly mapToRegistry   spec: 'latest',
50 silly mapToRegistry   type: 'tag' }
51 silly mapToRegistry uri https://registry.npmjs.org/react-native-scripts
52 verbose addNameTag registry:https://registry.npmjs.org/react-native-scripts not in flight; fetching
53 verbose get https://registry.npmjs.org/react-native-scripts not expired, no request
54 silly addNameTag next cb for react-native-scripts with tag latest
55 silly addNamed react-native-scripts@0.0.29
56 verbose addNamed "0.0.29" is a plain semver version for react-native-scripts
57 silly cache afterAdd react-native-scripts@0.0.29
58 verbose afterAdd /Users/qiaoguoqiang/.npm/react-native-scripts/0.0.29/package/package.json not in flight; writing
59 verbose correctMkdir /Users/qiaoguoqiang/.npm correctMkdir not in flight; initializing
60 verbose afterAdd /Users/qiaoguoqiang/.npm/react-native-scripts/0.0.29/package/package.json written
61 silly fetchNamedPackageData babel-runtime
62 silly mapToRegistry name babel-runtime
63 silly mapToRegistry using default registry
64 silly mapToRegistry registry https://registry.npmjs.org/
65 silly mapToRegistry data Result {
65 silly mapToRegistry   raw: 'babel-runtime',
65 silly mapToRegistry   scope: null,
65 silly mapToRegistry   escapedName: 'babel-runtime',
65 silly mapToRegistry   name: 'babel-runtime',
65 silly mapToRegistry   rawSpec: '',
65 silly mapToRegistry   spec: 'latest',
65 silly mapToRegistry   type: 'tag' }
66 silly mapToRegistry uri https://registry.npmjs.org/babel-runtime
67 silly fetchNamedPackageData chalk
68 silly mapToRegistry name chalk
69 silly mapToRegistry using default registry
70 silly mapToRegistry registry https://registry.npmjs.org/
71 silly mapToRegistry data Result {
71 silly mapToRegistry   raw: 'chalk',
71 silly mapToRegistry   scope: null,
71 silly mapToRegistry   escapedName: 'chalk',
71 silly mapToRegistry   name: 'chalk',
71 silly mapToRegistry   rawSpec: '',
71 silly mapToRegistry   spec: 'latest',
71 silly mapToRegistry   type: 'tag' }
72 silly mapToRegistry uri https://registry.npmjs.org/chalk
73 silly fetchNamedPackageData cross-spawn
74 silly mapToRegistry name cross-spawn
75 silly mapToRegistry using default registry
76 silly mapToRegistry registry https://registry.npmjs.org/
77 silly mapToRegistry data Result {
77 silly mapToRegistry   raw: 'cross-spawn',
77 silly mapToRegistry   scope: null,
77 silly mapToRegistry   escapedName: 'cross-spawn',
77 silly mapToRegistry   name: 'cross-spawn',
77 silly mapToRegistry   rawSpec: '',
77 silly mapToRegistry   spec: 'latest',
77 silly mapToRegistry   type: 'tag' }
78 silly mapToRegistry uri https://registry.npmjs.org/cross-spawn
79 silly fetchNamedPackageData fs-promise
80 silly mapToRegistry name fs-promise
81 silly mapToRegistry using default registry
82 silly mapToRegistry registry https://registry.npmjs.org/
83 silly mapToRegistry data Result {
83 silly mapToRegistry   raw: 'fs-promise',
83 silly mapToRegistry   scope: null,
83 silly mapToRegistry   escapedName: 'fs-promise',
83 silly mapToRegistry   name: 'fs-promise',
83 silly mapToRegistry   rawSpec: '',
83 silly mapToRegistry   spec: 'latest',
83 silly mapToRegistry   type: 'tag' }
84 silly mapToRegistry uri https://registry.npmjs.org/fs-promise
85 silly fetchNamedPackageData indent-string
86 silly mapToRegistry name indent-string
87 silly mapToRegistry using default registry
88 silly mapToRegistry registry https://registry.npmjs.org/
89 silly mapToRegistry data Result {
89 silly mapToRegistry   raw: 'indent-string',
89 silly mapToRegistry   scope: null,
89 silly mapToRegistry   escapedName: 'indent-string',
89 silly mapToRegistry   name: 'indent-string',
89 silly mapToRegistry   rawSpec: '',
89 silly mapToRegistry   spec: 'latest',
89 silly mapToRegistry   type: 'tag' }
90 silly mapToRegistry uri https://registry.npmjs.org/indent-string
91 silly fetchNamedPackageData inquirer
92 silly mapToRegistry name inquirer
93 silly mapToRegistry using default registry
94 silly mapToRegistry registry https://registry.npmjs.org/
95 silly mapToRegistry data Result {
95 silly mapToRegistry   raw: 'inquirer',
95 silly mapToRegistry   scope: null,
95 silly mapToRegistry   escapedName: 'inquirer',
95 silly mapToRegistry   name: 'inquirer',
95 silly mapToRegistry   rawSpec: '',
95 silly mapToRegistry   spec: 'latest',
95 silly mapToRegistry   type: 'tag' }
96 silly mapToRegistry uri https://registry.npmjs.org/inquirer
97 silly fetchNamedPackageData match-require
98 silly mapToRegistry name match-require
99 silly mapToRegistry using default registry
100 silly mapToRegistry registry https://registry.npmjs.org/
101 silly mapToRegistry data Result {
101 silly mapToRegistry   raw: 'match-require',
101 silly mapToRegistry   scope: null,
101 silly mapToRegistry   escapedName: 'match-require',
101 silly mapToRegistry   name: 'match-require',
101 silly mapToRegistry   rawSpec: '',
101 silly mapToRegistry   spec: 'latest',
101 silly mapToRegistry   type: 'tag' }
102 silly mapToRegistry uri https://registry.npmjs.org/match-require
103 silly fetchNamedPackageData minimist
104 silly mapToRegistry name minimist
105 silly mapToRegistry using default registry
106 silly mapToRegistry registry https://registry.npmjs.org/
107 silly mapToRegistry data Result {
107 silly mapToRegistry   raw: 'minimist',
107 silly mapToRegistry   scope: null,
107 silly mapToRegistry   escapedName: 'minimist',
107 silly mapToRegistry   name: 'minimist',
107 silly mapToRegistry   rawSpec: '',
107 silly mapToRegistry   spec: 'latest',
107 silly mapToRegistry   type: 'tag' }
108 silly mapToRegistry uri https://registry.npmjs.org/minimist
109 silly fetchNamedPackageData path-exists
110 silly mapToRegistry name path-exists
111 silly mapToRegistry using default registry
112 silly mapToRegistry registry https://registry.npmjs.org/
113 silly mapToRegistry data Result {
113 silly mapToRegistry   raw: 'path-exists',
113 silly mapToRegistry   scope: null,
113 silly mapToRegistry   escapedName: 'path-exists',
113 silly mapToRegistry   name: 'path-exists',
113 silly mapToRegistry   rawSpec: '',
113 silly mapToRegistry   spec: 'latest',
113 silly mapToRegistry   type: 'tag' }
114 silly mapToRegistry uri https://registry.npmjs.org/path-exists
115 silly fetchNamedPackageData progress
116 silly mapToRegistry name progress
117 silly mapToRegistry using default registry
118 silly mapToRegistry registry https://registry.npmjs.org/
119 silly mapToRegistry data Result {
119 silly mapToRegistry   raw: 'progress',
119 silly mapToRegistry   scope: null,
119 silly mapToRegistry   escapedName: 'progress',
119 silly mapToRegistry   name: 'progress',
119 silly mapToRegistry   rawSpec: '',
119 silly mapToRegistry   spec: 'latest',
119 silly mapToRegistry   type: 'tag' }
120 silly mapToRegistry uri https://registry.npmjs.org/progress
121 silly fetchNamedPackageData qrcode-terminal
122 silly mapToRegistry name qrcode-terminal
123 silly mapToRegistry using default registry
124 silly mapToRegistry registry https://registry.npmjs.org/
125 silly mapToRegistry data Result {
125 silly mapToRegistry   raw: 'qrcode-terminal',
125 silly mapToRegistry   scope: null,
125 silly mapToRegistry   escapedName: 'qrcode-terminal',
125 silly mapToRegistry   name: 'qrcode-terminal',
125 silly mapToRegistry   rawSpec: '',
125 silly mapToRegistry   spec: 'latest',
125 silly mapToRegistry   type: 'tag' }
126 silly mapToRegistry uri https://registry.npmjs.org/qrcode-terminal
127 silly fetchNamedPackageData xdl
128 silly mapToRegistry name xdl
129 silly mapToRegistry using default registry
130 silly mapToRegistry registry https://registry.npmjs.org/
131 silly mapToRegistry data Result {
131 silly mapToRegistry   raw: 'xdl',
131 silly mapToRegistry   scope: null,
131 silly mapToRegistry   escapedName: 'xdl',
131 silly mapToRegistry   name: 'xdl',
131 silly mapToRegistry   rawSpec: '',
131 silly mapToRegistry   spec: 'latest',
131 silly mapToRegistry   type: 'tag' }
132 silly mapToRegistry uri https://registry.npmjs.org/xdl
133 verbose request uri https://registry.npmjs.org/cross-spawn
134 verbose request no auth needed
135 info attempt registry request try #1 at 11:39:57
136 verbose request using bearer token for auth
137 verbose etag W/"58fec326-f679"
138 verbose lastModified Tue, 25 Apr 2017 03:31:50 GMT
139 http request GET https://registry.npmjs.org/cross-spawn
140 verbose request uri https://registry.npmjs.org/babel-runtime
141 verbose request no auth needed
142 info attempt registry request try #1 at 11:39:57
143 verbose request using bearer token for auth
144 verbose etag W/"58fcdb31-26894"
145 verbose lastModified Sun, 23 Apr 2017 16:49:53 GMT
146 http request GET https://registry.npmjs.org/babel-runtime
147 verbose request uri https://registry.npmjs.org/chalk
148 verbose request no auth needed
149 info attempt registry request try #1 at 11:39:57
150 verbose request using bearer token for auth
151 verbose etag W/"59073dde-8997"
152 verbose lastModified Mon, 01 May 2017 13:53:34 GMT
153 http request GET https://registry.npmjs.org/chalk
154 verbose request uri https://registry.npmjs.org/indent-string
155 verbose request no auth needed
156 info attempt registry request try #1 at 11:39:57
157 verbose request using bearer token for auth
158 verbose etag W/"5888d5ab-4519"
159 verbose lastModified Wed, 25 Jan 2017 16:43:23 GMT
160 http request GET https://registry.npmjs.org/indent-string
161 verbose request uri https://registry.npmjs.org/fs-promise
162 verbose request no auth needed
163 info attempt registry request try #1 at 11:39:57
164 verbose request using bearer token for auth
165 verbose etag W/"58d9782a-47a8"
166 verbose lastModified Mon, 27 Mar 2017 20:38:02 GMT
167 http request GET https://registry.npmjs.org/fs-promise
168 verbose request uri https://registry.npmjs.org/match-require
169 verbose request no auth needed
170 info attempt registry request try #1 at 11:39:57
171 verbose request using bearer token for auth
172 verbose etag W/"58ddee3d-3d78"
173 verbose lastModified Fri, 31 Mar 2017 05:50:53 GMT
174 http request GET https://registry.npmjs.org/match-require
175 verbose request uri https://registry.npmjs.org/inquirer
176 verbose request no auth needed
177 info attempt registry request try #1 at 11:39:57
178 verbose request using bearer token for auth
179 verbose etag W/"59073dfb-1ccb9"
180 verbose lastModified Mon, 01 May 2017 13:54:03 GMT
181 http request GET https://registry.npmjs.org/inquirer
182 verbose request uri https://registry.npmjs.org/minimist
183 verbose request no auth needed
184 info attempt registry request try #1 at 11:39:57
185 verbose request using bearer token for auth
186 verbose etag W/"5903035d-7548"
187 verbose lastModified Fri, 28 Apr 2017 08:54:53 GMT
188 http request GET https://registry.npmjs.org/minimist
189 verbose request uri https://registry.npmjs.org/progress
190 verbose request no auth needed
191 info attempt registry request try #1 at 11:39:57
192 verbose request using bearer token for auth
193 verbose etag W/"5902c0a4-5015"
194 verbose lastModified Fri, 28 Apr 2017 04:10:12 GMT
195 http request GET https://registry.npmjs.org/progress
196 verbose request uri https://registry.npmjs.org/path-exists
197 verbose request no auth needed
198 info attempt registry request try #1 at 11:39:57
199 verbose request using bearer token for auth
200 verbose etag W/"5902ec72-1c2f"
201 verbose lastModified Fri, 28 Apr 2017 07:17:06 GMT
202 http request GET https://registry.npmjs.org/path-exists
203 verbose request uri https://registry.npmjs.org/qrcode-terminal
204 verbose request no auth needed
205 info attempt registry request try #1 at 11:39:57
206 verbose request using bearer token for auth
207 verbose etag W/"58d6d42b-58ba"
208 verbose lastModified Sat, 25 Mar 2017 20:33:47 GMT
209 http request GET https://registry.npmjs.org/qrcode-terminal
210 verbose request uri https://registry.npmjs.org/xdl
211 verbose request no auth needed
212 info attempt registry request try #1 at 11:39:57
213 verbose request using bearer token for auth
214 verbose etag W/"58f7df21-53a8d"
215 verbose lastModified Wed, 19 Apr 2017 22:05:21 GMT
216 http request GET https://registry.npmjs.org/xdl
217 http 304 https://registry.npmjs.org/inquirer
218 verbose headers { server: 'nginx/1.10.1',
218 verbose headers   'last-modified': 'Mon, 01 May 2017 13:54:03 GMT',
218 verbose headers   etag: '"59073dfb-1ccb9"',
218 verbose headers   'cache-control': 'max-age=300',
218 verbose headers   'accept-ranges': 'bytes',
218 verbose headers   date: 'Tue, 02 May 2017 03:39:58 GMT',
218 verbose headers   via: '1.1 varnish',
218 verbose headers   connection: 'keep-alive',
218 verbose headers   'x-served-by': 'cache-itm7424-ITM',
218 verbose headers   'x-cache': 'MISS',
218 verbose headers   'x-cache-hits': '0',
218 verbose headers   'x-timer': 'S1493696398.958313,VS0,VE127',
218 verbose headers   vary: 'Accept-Encoding' }
219 silly get cb [ 304,
219 silly get   { server: 'nginx/1.10.1',
219 silly get     'last-modified': 'Mon, 01 May 2017 13:54:03 GMT',
219 silly get     etag: '"59073dfb-1ccb9"',
219 silly get     'cache-control': 'max-age=300',
219 silly get     'accept-ranges': 'bytes',
219 silly get     date: 'Tue, 02 May 2017 03:39:58 GMT',
219 silly get     via: '1.1 varnish',
219 silly get     connection: 'keep-alive',
219 silly get     'x-served-by': 'cache-itm7424-ITM',
219 silly get     'x-cache': 'MISS',
219 silly get     'x-cache-hits': '0',
219 silly get     'x-timer': 'S1493696398.958313,VS0,VE127',
219 silly get     vary: 'Accept-Encoding' } ]
220 verbose etag https://registry.npmjs.org/inquirer from cache
221 verbose get saving inquirer to /Users/qiaoguoqiang/.npm/registry.npmjs.org/inquirer/.cache.json
222 verbose correctMkdir /Users/qiaoguoqiang/.npm correctMkdir not in flight; initializing
223 silly resolveWithNewModule inquirer@3.0.6 checking installable status
224 silly cache add args [ 'inquirer@^3.0.1', null ]
225 verbose cache add spec inquirer@^3.0.1
226 silly cache add parsed spec Result {
226 silly cache add   raw: 'inquirer@^3.0.1',
226 silly cache add   scope: null,
226 silly cache add   escapedName: 'inquirer',
226 silly cache add   name: 'inquirer',
226 silly cache add   rawSpec: '^3.0.1',
226 silly cache add   spec: '>=3.0.1 <4.0.0',
226 silly cache add   type: 'range' }
227 silly addNamed inquirer@>=3.0.1 <4.0.0
228 verbose addNamed ">=3.0.1 <4.0.0" is a valid semver range for inquirer
229 silly addNameRange { name: 'inquirer', range: '>=3.0.1 <4.0.0', hasData: false }
230 silly mapToRegistry name inquirer
231 silly mapToRegistry using default registry
232 silly mapToRegistry registry https://registry.npmjs.org/
233 silly mapToRegistry data Result {
233 silly mapToRegistry   raw: 'inquirer',
233 silly mapToRegistry   scope: null,
233 silly mapToRegistry   escapedName: 'inquirer',
233 silly mapToRegistry   name: 'inquirer',
233 silly mapToRegistry   rawSpec: '',
233 silly mapToRegistry   spec: 'latest',
233 silly mapToRegistry   type: 'tag' }
234 silly mapToRegistry uri https://registry.npmjs.org/inquirer
235 verbose addNameRange registry:https://registry.npmjs.org/inquirer not in flight; fetching
236 http 304 https://registry.npmjs.org/chalk
237 verbose headers { server: 'nginx/1.10.3',
237 verbose headers   'last-modified': 'Mon, 01 May 2017 13:53:34 GMT',
237 verbose headers   etag: '"59073dde-8997"',
237 verbose headers   'cache-control': 'max-age=300',
237 verbose headers   'accept-ranges': 'bytes',
237 verbose headers   date: 'Tue, 02 May 2017 03:39:58 GMT',
237 verbose headers   via: '1.1 varnish',
237 verbose headers   connection: 'keep-alive',
237 verbose headers   'x-served-by': 'cache-itm7427-ITM',
237 verbose headers   'x-cache': 'MISS',
237 verbose headers   'x-cache-hits': '0',
237 verbose headers   'x-timer': 'S1493696398.955733,VS0,VE131',
237 verbose headers   vary: 'Accept-Encoding' }
238 silly get cb [ 304,
238 silly get   { server: 'nginx/1.10.3',
238 silly get     'last-modified': 'Mon, 01 May 2017 13:53:34 GMT',
238 silly get     etag: '"59073dde-8997"',
238 silly get     'cache-control': 'max-age=300',
238 silly get     'accept-ranges': 'bytes',
238 silly get     date: 'Tue, 02 May 2017 03:39:58 GMT',
238 silly get     via: '1.1 varnish',
238 silly get     connection: 'keep-alive',
238 silly get     'x-served-by': 'cache-itm7427-ITM',
238 silly get     'x-cache': 'MISS',
238 silly get     'x-cache-hits': '0',
238 silly get     'x-timer': 'S1493696398.955733,VS0,VE131',
238 silly get     vary: 'Accept-Encoding' } ]
239 verbose etag https://registry.npmjs.org/chalk from cache
240 verbose get saving chalk to /Users/qiaoguoqiang/.npm/registry.npmjs.org/chalk/.cache.json
241 verbose correctMkdir /Users/qiaoguoqiang/.npm correctMkdir not in flight; initializing
242 verbose get https://registry.npmjs.org/inquirer not expired, no request
243 silly addNameRange number 2 { name: 'inquirer', range: '>=3.0.1 <4.0.0', hasData: true }
244 silly addNameRange versions [ 'inquirer',
244 silly addNameRange   [ '0.1.0',
244 silly addNameRange     '0.1.1',
244 silly addNameRange     '0.1.2',
244 silly addNameRange     '0.1.3',
244 silly addNameRange     '0.1.4',
244 silly addNameRange     '0.1.5',
244 silly addNameRange     '0.1.6',
244 silly addNameRange     '0.1.7',
244 silly addNameRange     '0.1.8',
244 silly addNameRange     '0.1.9',
244 silly addNameRange     '0.2.0',
244 silly addNameRange     '0.2.1',
244 silly addNameRange     '0.1.11',
244 silly addNameRange     '0.1.12',
244 silly addNameRange     '0.2.2',
244 silly addNameRange     '0.2.3',
244 silly addNameRange     '0.2.4',
244 silly addNameRange     '0.2.5',
244 silly addNameRange     '0.3.0',
244 silly addNameRange     '0.3.1',
244 silly addNameRange     '0.3.2',
244 silly addNameRange     '0.3.3',
244 silly addNameRange     '0.3.4',
244 silly addNameRange     '0.3.5',
244 silly addNameRange     '0.4.0',
244 silly addNameRange     '0.4.1',
244 silly addNameRange     '0.5.0',
244 silly addNameRange     '0.5.1',
244 silly addNameRange     '0.6.0',
244 silly addNameRange     '0.7.1',
244 silly addNameRange     '0.7.2',
244 silly addNameRange     '0.7.3',
244 silly addNameRange     '0.8.0',
244 silly addNameRange     '0.8.2',
244 silly addNameRange     '0.8.3',
244 silly addNameRange     '0.8.4',
244 silly addNameRange     '0.8.5',
244 silly addNameRange     '0.9.0',
244 silly addNameRange     '0.10.0',
244 silly addNameRange     '0.10.1',
244 silly addNameRange     '0.11.0',
244 silly addNameRange     '0.11.1',
244 silly addNameRange     '0.11.2',
244 silly addNameRange     '0.11.3',
244 silly addNameRange     '0.11.4',
244 silly addNameRange     '0.12.0',
244 silly addNameRange     '1.0.0',
244 silly addNameRange     '1.0.1',
244 silly addNameRange     '1.0.2',
244 silly addNameRange     '1.0.3',
244 silly addNameRange     '1.1.0',
244 silly addNameRange     '1.1.1',
244 silly addNameRange     '1.1.2',
244 silly addNameRange     '1.1.3',
244 silly addNameRange     '1.2.1',
244 silly addNameRange     '1.2.2',
244 silly addNameRange     '1.2.3',
244 silly addNameRange     '2.0.0',
244 silly addNameRange     '3.0.0',
244 silly addNameRange     '3.0.1',
244 silly addNameRange     '3.0.2',
244 silly addNameRange     '3.0.3',
244 silly addNameRange     '3.0.4',
244 silly addNameRange     '3.0.5',
244 silly addNameRange     '3.0.6' ] ]
245 silly addNamed inquirer@3.0.6
246 verbose addNamed "3.0.6" is a plain semver version for inquirer
247 silly cache afterAdd inquirer@3.0.6
248 verbose afterAdd /Users/qiaoguoqiang/.npm/inquirer/3.0.6/package/package.json not in flight; writing
249 verbose correctMkdir /Users/qiaoguoqiang/.npm correctMkdir not in flight; initializing
250 silly resolveWithNewModule chalk@1.1.3 checking installable status
251 silly cache add args [ 'chalk@^1.1.3', null ]
252 verbose cache add spec chalk@^1.1.3
253 silly cache add parsed spec Result {
253 silly cache add   raw: 'chalk@^1.1.3',
253 silly cache add   scope: null,
253 silly cache add   escapedName: 'chalk',
253 silly cache add   name: 'chalk',
253 silly cache add   rawSpec: '^1.1.3',
253 silly cache add   spec: '>=1.1.3 <2.0.0',
253 silly cache add   type: 'range' }
254 silly addNamed chalk@>=1.1.3 <2.0.0
255 verbose addNamed ">=1.1.3 <2.0.0" is a valid semver range for chalk
256 silly addNameRange { name: 'chalk', range: '>=1.1.3 <2.0.0', hasData: false }
257 silly mapToRegistry name chalk
258 silly mapToRegistry using default registry
259 silly mapToRegistry registry https://registry.npmjs.org/
260 silly mapToRegistry data Result {
260 silly mapToRegistry   raw: 'chalk',
260 silly mapToRegistry   scope: null,
260 silly mapToRegistry   escapedName: 'chalk',
260 silly mapToRegistry   name: 'chalk',
260 silly mapToRegistry   rawSpec: '',
260 silly mapToRegistry   spec: 'latest',
260 silly mapToRegistry   type: 'tag' }
261 silly mapToRegistry uri https://registry.npmjs.org/chalk
262 verbose addNameRange registry:https://registry.npmjs.org/chalk not in flight; fetching
263 verbose get https://registry.npmjs.org/chalk not expired, no request
264 silly addNameRange number 2 { name: 'chalk', range: '>=1.1.3 <2.0.0', hasData: true }
265 silly addNameRange versions [ 'chalk',
265 silly addNameRange   [ '0.1.0',
265 silly addNameRange     '0.1.1',
265 silly addNameRange     '0.2.0',
265 silly addNameRange     '0.2.1',
265 silly addNameRange     '0.3.0',
265 silly addNameRange     '0.4.0',
265 silly addNameRange     '0.5.0',
265 silly addNameRange     '0.5.1',
265 silly addNameRange     '1.0.0',
265 silly addNameRange     '1.1.0',
265 silly addNameRange     '1.1.1',
265 silly addNameRange     '1.1.2',
265 silly addNameRange     '1.1.3' ] ]
266 silly addNamed chalk@1.1.3
267 verbose addNamed "1.1.3" is a plain semver version for chalk
268 verbose afterAdd /Users/qiaoguoqiang/.npm/inquirer/3.0.6/package/package.json written
269 silly cache afterAdd chalk@1.1.3
270 verbose afterAdd /Users/qiaoguoqiang/.npm/chalk/1.1.3/package/package.json not in flight; writing
271 verbose correctMkdir /Users/qiaoguoqiang/.npm correctMkdir not in flight; initializing
272 verbose afterAdd /Users/qiaoguoqiang/.npm/chalk/1.1.3/package/package.json written
273 http 304 https://registry.npmjs.org/cross-spawn
274 verbose headers { server: 'nginx/1.10.1',
274 verbose headers   'last-modified': 'Tue, 25 Apr 2017 03:31:50 GMT',
274 verbose headers   etag: '"58fec326-f679"',
274 verbose headers   'cache-control': 'max-age=300',
274 verbose headers   'accept-ranges': 'bytes',
274 verbose headers   date: 'Tue, 02 May 2017 03:39:58 GMT',
274 verbose headers   via: '1.1 varnish',
274 verbose headers   connection: 'keep-alive',
274 verbose headers   'x-served-by': 'cache-itm7426-ITM',
274 verbose headers   'x-cache': 'MISS',
274 verbose headers   'x-cache-hits': '0',
274 verbose headers   'x-timer': 'S1493696398.764741,VS0,VE548',
274 verbose headers   vary: 'Accept-Encoding' }
275 silly get cb [ 304,
275 silly get   { server: 'nginx/1.10.1',
275 silly get     'last-modified': 'Tue, 25 Apr 2017 03:31:50 GMT',
275 silly get     etag: '"58fec326-f679"',
275 silly get     'cache-control': 'max-age=300',
275 silly get     'accept-ranges': 'bytes',
275 silly get     date: 'Tue, 02 May 2017 03:39:58 GMT',
275 silly get     via: '1.1 varnish',
275 silly get     connection: 'keep-alive',
275 silly get     'x-served-by': 'cache-itm7426-ITM',
275 silly get     'x-cache': 'MISS',
275 silly get     'x-cache-hits': '0',
275 silly get     'x-timer': 'S1493696398.764741,VS0,VE548',
275 silly get     vary: 'Accept-Encoding' } ]
276 verbose etag https://registry.npmjs.org/cross-spawn from cache
277 verbose get saving cross-spawn to /Users/qiaoguoqiang/.npm/registry.npmjs.org/cross-spawn/.cache.json
278 verbose correctMkdir /Users/qiaoguoqiang/.npm correctMkdir not in flight; initializing
279 silly resolveWithNewModule cross-spawn@5.1.0 checking installable status
280 silly cache add args [ 'cross-spawn@^5.0.1', null ]
281 verbose cache add spec cross-spawn@^5.0.1
282 silly cache add parsed spec Result {
282 silly cache add   raw: 'cross-spawn@^5.0.1',
282 silly cache add   scope: null,
282 silly cache add   escapedName: 'cross-spawn',
282 silly cache add   name: 'cross-spawn',
282 silly cache add   rawSpec: '^5.0.1',
282 silly cache add   spec: '>=5.0.1 <6.0.0',
282 silly cache add   type: 'range' }
283 silly addNamed cross-spawn@>=5.0.1 <6.0.0
284 verbose addNamed ">=5.0.1 <6.0.0" is a valid semver range for cross-spawn
285 silly addNameRange { name: 'cross-spawn', range: '>=5.0.1 <6.0.0', hasData: false }
286 silly mapToRegistry name cross-spawn
287 silly mapToRegistry using default registry
288 silly mapToRegistry registry https://registry.npmjs.org/
289 silly mapToRegistry data Result {
289 silly mapToRegistry   raw: 'cross-spawn',
289 silly mapToRegistry   scope: null,
289 silly mapToRegistry   escapedName: 'cross-spawn',
289 silly mapToRegistry   name: 'cross-spawn',
289 silly mapToRegistry   rawSpec: '',
289 silly mapToRegistry   spec: 'latest',
289 silly mapToRegistry   type: 'tag' }
290 silly mapToRegistry uri https://registry.npmjs.org/cross-spawn
291 verbose addNameRange registry:https://registry.npmjs.org/cross-spawn not in flight; fetching
292 verbose get https://registry.npmjs.org/cross-spawn not expired, no request
293 silly addNameRange number 2 { name: 'cross-spawn', range: '>=5.0.1 <6.0.0', hasData: true }
294 silly addNameRange versions [ 'cross-spawn',
294 silly addNameRange   [ '0.1.0',
294 silly addNameRange     '0.1.1',
294 silly addNameRange     '0.1.2',
294 silly addNameRange     '0.1.3',
294 silly addNameRange     '0.1.4',
294 silly addNameRange     '0.1.5',
294 silly addNameRange     '0.1.6',
294 silly addNameRange     '0.1.7',
294 silly addNameRange     '0.2.0',
294 silly addNameRange     '0.2.1',
294 silly addNameRange     '0.2.2',
294 silly addNameRange     '0.2.3',
294 silly addNameRange     '0.2.4',
294 silly addNameRange     '0.2.5',
294 silly addNameRange     '0.2.6',
294 silly addNameRange     '0.2.7',
294 silly addNameRange     '0.2.8',
294 silly addNameRange     '0.2.9',
294 silly addNameRange     '0.3.0',
294 silly addNameRange     '0.4.0',
294 silly addNameRange     '0.4.1',
294 silly addNameRange     '1.0.0',
294 silly addNameRange     '1.0.1',
294 silly addNameRange     '1.0.2',
294 silly addNameRange     '1.0.3',
294 silly addNameRange     '1.0.4',
294 silly addNameRange     '2.0.0',
294 silly addNameRange     '2.0.1',
294 silly addNameRange     '2.1.0',
294 silly addNameRange     '2.1.1',
294 silly addNameRange     '2.1.2',
294 silly addNameRange     '2.1.3',
294 silly addNameRange     '2.1.4',
294 silly addNameRange     '2.1.5',
294 silly addNameRange     '2.2.0',
294 silly addNameRange     '2.2.2',
294 silly addNameRange     '2.2.3',
294 silly addNameRange     '3.0.0',
294 silly addNameRange     '3.0.1',
294 silly addNameRange     '4.0.0',
294 silly addNameRange     '4.0.2',
294 silly addNameRange     '5.0.0',
294 silly addNameRange     '5.0.1',
294 silly addNameRange     '5.1.0' ] ]
295 silly addNamed cross-spawn@5.1.0
296 verbose addNamed "5.1.0" is a plain semver version for cross-spawn
297 silly cache afterAdd cross-spawn@5.1.0
298 verbose afterAdd /Users/qiaoguoqiang/.npm/cross-spawn/5.1.0/package/package.json not in flight; writing
299 verbose correctMkdir /Users/qiaoguoqiang/.npm correctMkdir not in flight; initializing
300 verbose afterAdd /Users/qiaoguoqiang/.npm/cross-spawn/5.1.0/package/package.json written
301 http 304 https://registry.npmjs.org/indent-string
302 verbose headers { server: 'nginx/1.10.1',
302 verbose headers   'last-modified': 'Wed, 25 Jan 2017 16:43:23 GMT',
302 verbose headers   etag: '"5888d5ab-4519"',
302 verbose headers   'cache-control': 'max-age=300',
302 verbose headers   'accept-ranges': 'bytes',
302 verbose headers   date: 'Tue, 02 May 2017 03:39:58 GMT',
302 verbose headers   via: '1.1 varnish',
302 verbose headers   connection: 'keep-alive',
302 verbose headers   'x-served-by': 'cache-itm7427-ITM',
302 verbose headers   'x-cache': 'MISS',
302 verbose headers   'x-cache-hits': '0',
302 verbose headers   'x-timer': 'S1493696398.238638,VS0,VE128',
302 verbose headers   vary: 'Accept-Encoding' }
303 silly get cb [ 304,
303 silly get   { server: 'nginx/1.10.1',
303 silly get     'last-modified': 'Wed, 25 Jan 2017 16:43:23 GMT',
303 silly get     etag: '"5888d5ab-4519"',
303 silly get     'cache-control': 'max-age=300',
303 silly get     'accept-ranges': 'bytes',
303 silly get     date: 'Tue, 02 May 2017 03:39:58 GMT',
303 silly get     via: '1.1 varnish',
303 silly get     connection: 'keep-alive',
303 silly get     'x-served-by': 'cache-itm7427-ITM',
303 silly get     'x-cache': 'MISS',
303 silly get     'x-cache-hits': '0',
303 silly get     'x-timer': 'S1493696398.238638,VS0,VE128',
303 silly get     vary: 'Accept-Encoding' } ]
304 verbose etag https://registry.npmjs.org/indent-string from cache
305 verbose get saving indent-string to /Users/qiaoguoqiang/.npm/registry.npmjs.org/indent-string/.cache.json
306 verbose correctMkdir /Users/qiaoguoqiang/.npm correctMkdir not in flight; initializing
307 silly resolveWithNewModule indent-string@3.1.0 checking installable status
308 silly cache add args [ 'indent-string@^3.0.0', null ]
309 verbose cache add spec indent-string@^3.0.0
310 silly cache add parsed spec Result {
310 silly cache add   raw: 'indent-string@^3.0.0',
310 silly cache add   scope: null,
310 silly cache add   escapedName: 'indent-string',
310 silly cache add   name: 'indent-string',
310 silly cache add   rawSpec: '^3.0.0',
310 silly cache add   spec: '>=3.0.0 <4.0.0',
310 silly cache add   type: 'range' }
311 silly addNamed indent-string@>=3.0.0 <4.0.0
312 verbose addNamed ">=3.0.0 <4.0.0" is a valid semver range for indent-string
313 silly addNameRange { name: 'indent-string',
313 silly addNameRange   range: '>=3.0.0 <4.0.0',
313 silly addNameRange   hasData: false }
314 silly mapToRegistry name indent-string
315 silly mapToRegistry using default registry
316 silly mapToRegistry registry https://registry.npmjs.org/
317 silly mapToRegistry data Result {
317 silly mapToRegistry   raw: 'indent-string',
317 silly mapToRegistry   scope: null,
317 silly mapToRegistry   escapedName: 'indent-string',
317 silly mapToRegistry   name: 'indent-string',
317 silly mapToRegistry   rawSpec: '',
317 silly mapToRegistry   spec: 'latest',
317 silly mapToRegistry   type: 'tag' }
318 silly mapToRegistry uri https://registry.npmjs.org/indent-string
319 verbose addNameRange registry:https://registry.npmjs.org/indent-string not in flight; fetching
320 verbose get https://registry.npmjs.org/indent-string not expired, no request
321 silly addNameRange number 2 { name: 'indent-string', range: '>=3.0.0 <4.0.0', hasData: true }
322 silly addNameRange versions [ 'indent-string',
322 silly addNameRange   [ '0.1.0',
322 silly addNameRange     '0.1.1',
322 silly addNameRange     '0.1.2',
322 silly addNameRange     '0.1.3',
322 silly addNameRange     '1.0.0',
322 silly addNameRange     '1.1.0',
322 silly addNameRange     '1.2.0',
322 silly addNameRange     '1.2.1',
322 silly addNameRange     '1.2.2',
322 silly addNameRange     '2.0.0',
322 silly addNameRange     '2.1.0',
322 silly addNameRange     '3.0.0',
322 silly addNameRange     '3.1.0' ] ]
323 silly addNamed indent-string@3.1.0
324 verbose addNamed "3.1.0" is a plain semver version for indent-string
325 silly cache afterAdd indent-string@3.1.0
326 verbose afterAdd /Users/qiaoguoqiang/.npm/indent-string/3.1.0/package/package.json not in flight; writing
327 verbose correctMkdir /Users/qiaoguoqiang/.npm correctMkdir not in flight; initializing
328 verbose afterAdd /Users/qiaoguoqiang/.npm/indent-string/3.1.0/package/package.json written
329 http 304 https://registry.npmjs.org/path-exists
330 verbose headers { server: 'nginx/1.10.1',
330 verbose headers   'last-modified': 'Fri, 28 Apr 2017 07:17:06 GMT',
330 verbose headers   etag: '"5902ec72-1c2f"',
330 verbose headers   'cache-control': 'max-age=300',
330 verbose headers   'accept-ranges': 'bytes',
330 verbose headers   date: 'Tue, 02 May 2017 03:39:58 GMT',
330 verbose headers   via: '1.1 varnish',
330 verbose headers   connection: 'keep-alive',
330 verbose headers   'x-served-by': 'cache-itm7421-ITM',
330 verbose headers   'x-cache': 'MISS',
330 verbose headers   'x-cache-hits': '0',
330 verbose headers   'x-timer': 'S1493696398.240315,VS0,VE127',
330 verbose headers   vary: 'Accept-Encoding' }
331 silly get cb [ 304,
331 silly get   { server: 'nginx/1.10.1',
331 silly get     'last-modified': 'Fri, 28 Apr 2017 07:17:06 GMT',
331 silly get     etag: '"5902ec72-1c2f"',
331 silly get     'cache-control': 'max-age=300',
331 silly get     'accept-ranges': 'bytes',
331 silly get     date: 'Tue, 02 May 2017 03:39:58 GMT',
331 silly get     via: '1.1 varnish',
331 silly get     connection: 'keep-alive',
331 silly get     'x-served-by': 'cache-itm7421-ITM',
331 silly get     'x-cache': 'MISS',
331 silly get     'x-cache-hits': '0',
331 silly get     'x-timer': 'S1493696398.240315,VS0,VE127',
331 silly get     vary: 'Accept-Encoding' } ]
332 verbose etag https://registry.npmjs.org/path-exists from cache
333 verbose get saving path-exists to /Users/qiaoguoqiang/.npm/registry.npmjs.org/path-exists/.cache.json
334 verbose correctMkdir /Users/qiaoguoqiang/.npm correctMkdir not in flight; initializing
335 silly resolveWithNewModule path-exists@3.0.0 checking installable status
336 silly cache add args [ 'path-exists@^3.0.0', null ]
337 verbose cache add spec path-exists@^3.0.0
338 silly cache add parsed spec Result {
338 silly cache add   raw: 'path-exists@^3.0.0',
338 silly cache add   scope: null,
338 silly cache add   escapedName: 'path-exists',
338 silly cache add   name: 'path-exists',
338 silly cache add   rawSpec: '^3.0.0',
338 silly cache add   spec: '>=3.0.0 <4.0.0',
338 silly cache add   type: 'range' }
339 silly addNamed path-exists@>=3.0.0 <4.0.0
340 verbose addNamed ">=3.0.0 <4.0.0" is a valid semver range for path-exists
341 silly addNameRange { name: 'path-exists', range: '>=3.0.0 <4.0.0', hasData: false }
342 silly mapToRegistry name path-exists
343 silly mapToRegistry using default registry
344 silly mapToRegistry registry https://registry.npmjs.org/
345 silly mapToRegistry data Result {
345 silly mapToRegistry   raw: 'path-exists',
345 silly mapToRegistry   scope: null,
345 silly mapToRegistry   escapedName: 'path-exists',
345 silly mapToRegistry   name: 'path-exists',
345 silly mapToRegistry   rawSpec: '',
345 silly mapToRegistry   spec: 'latest',
345 silly mapToRegistry   type: 'tag' }
346 silly mapToRegistry uri https://registry.npmjs.org/path-exists
347 verbose addNameRange registry:https://registry.npmjs.org/path-exists not in flight; fetching
348 verbose get https://registry.npmjs.org/path-exists not expired, no request
349 silly addNameRange number 2 { name: 'path-exists', range: '>=3.0.0 <4.0.0', hasData: true }
350 silly addNameRange versions [ 'path-exists', [ '1.0.0', '2.0.0', '2.1.0', '3.0.0' ] ]
351 silly addNamed path-exists@3.0.0
352 verbose addNamed "3.0.0" is a plain semver version for path-exists
353 silly cache afterAdd path-exists@3.0.0
354 verbose afterAdd /Users/qiaoguoqiang/.npm/path-exists/3.0.0/package/package.json not in flight; writing
355 verbose correctMkdir /Users/qiaoguoqiang/.npm correctMkdir not in flight; initializing
356 verbose afterAdd /Users/qiaoguoqiang/.npm/path-exists/3.0.0/package/package.json written
357 http 304 https://registry.npmjs.org/qrcode-terminal
358 verbose headers { server: 'nginx/1.10.1',
358 verbose headers   'last-modified': 'Sat, 25 Mar 2017 20:33:47 GMT',
358 verbose headers   etag: '"58d6d42b-58ba"',
358 verbose headers   'cache-control': 'max-age=300',
358 verbose headers   'accept-ranges': 'bytes',
358 verbose headers   date: 'Tue, 02 May 2017 03:39:58 GMT',
358 verbose headers   via: '1.1 varnish',
358 verbose headers   connection: 'keep-alive',
358 verbose headers   'x-served-by': 'cache-itm7426-ITM',
358 verbose headers   'x-cache': 'MISS',
358 verbose headers   'x-cache-hits': '0',
358 verbose headers   'x-timer': 'S1493696398.265706,VS0,VE129',
358 verbose headers   vary: 'Accept-Encoding' }
359 silly get cb [ 304,
359 silly get   { server: 'nginx/1.10.1',
359 silly get     'last-modified': 'Sat, 25 Mar 2017 20:33:47 GMT',
359 silly get     etag: '"58d6d42b-58ba"',
359 silly get     'cache-control': 'max-age=300',
359 silly get     'accept-ranges': 'bytes',
359 silly get     date: 'Tue, 02 May 2017 03:39:58 GMT',
359 silly get     via: '1.1 varnish',
359 silly get     connection: 'keep-alive',
359 silly get     'x-served-by': 'cache-itm7426-ITM',
359 silly get     'x-cache': 'MISS',
359 silly get     'x-cache-hits': '0',
359 silly get     'x-timer': 'S1493696398.265706,VS0,VE129',
359 silly get     vary: 'Accept-Encoding' } ]
360 verbose etag https://registry.npmjs.org/qrcode-terminal from cache
361 verbose get saving qrcode-terminal to /Users/qiaoguoqiang/.npm/registry.npmjs.org/qrcode-terminal/.cache.json
362 verbose correctMkdir /Users/qiaoguoqiang/.npm correctMkdir not in flight; initializing
363 silly resolveWithNewModule qrcode-terminal@0.11.0 checking installable status
364 silly cache add args [ 'qrcode-terminal@^0.11.0', null ]
365 verbose cache add spec qrcode-terminal@^0.11.0
366 silly cache add parsed spec Result {
366 silly cache add   raw: 'qrcode-terminal@^0.11.0',
366 silly cache add   scope: null,
366 silly cache add   escapedName: 'qrcode-terminal',
366 silly cache add   name: 'qrcode-terminal',
366 silly cache add   rawSpec: '^0.11.0',
366 silly cache add   spec: '>=0.11.0 <0.12.0',
366 silly cache add   type: 'range' }
367 silly addNamed qrcode-terminal@>=0.11.0 <0.12.0
368 verbose addNamed ">=0.11.0 <0.12.0" is a valid semver range for qrcode-terminal
369 silly addNameRange { name: 'qrcode-terminal',
369 silly addNameRange   range: '>=0.11.0 <0.12.0',
369 silly addNameRange   hasData: false }
370 silly mapToRegistry name qrcode-terminal
371 silly mapToRegistry using default registry
372 silly mapToRegistry registry https://registry.npmjs.org/
373 silly mapToRegistry data Result {
373 silly mapToRegistry   raw: 'qrcode-terminal',
373 silly mapToRegistry   scope: null,
373 silly mapToRegistry   escapedName: 'qrcode-terminal',
373 silly mapToRegistry   name: 'qrcode-terminal',
373 silly mapToRegistry   rawSpec: '',
373 silly mapToRegistry   spec: 'latest',
373 silly mapToRegistry   type: 'tag' }
374 silly mapToRegistry uri https://registry.npmjs.org/qrcode-terminal
375 verbose addNameRange registry:https://registry.npmjs.org/qrcode-terminal not in flight; fetching
376 verbose get https://registry.npmjs.org/qrcode-terminal not expired, no request
377 silly addNameRange number 2 { name: 'qrcode-terminal',
377 silly addNameRange   range: '>=0.11.0 <0.12.0',
377 silly addNameRange   hasData: true }
378 silly addNameRange versions [ 'qrcode-terminal',
378 silly addNameRange   [ '0.1.0',
378 silly addNameRange     '0.2.0',
378 silly addNameRange     '0.3.0',
378 silly addNameRange     '0.4.0',
378 silly addNameRange     '0.5.0',
378 silly addNameRange     '0.5.1',
378 silly addNameRange     '0.6.0',
378 silly addNameRange     '0.7.0',
378 silly addNameRange     '0.8.0',
378 silly addNameRange     '0.9.0',
378 silly addNameRange     '0.9.1',
378 silly addNameRange     '0.9.2',
378 silly addNameRange     '0.9.3',
378 silly addNameRange     '0.9.4',
378 silly addNameRange     '0.9.5',
378 silly addNameRange     '0.10.0',
378 silly addNameRange     '0.11.0' ] ]
379 silly addNamed qrcode-terminal@0.11.0
380 verbose addNamed "0.11.0" is a plain semver version for qrcode-terminal
381 silly cache afterAdd qrcode-terminal@0.11.0
382 verbose afterAdd /Users/qiaoguoqiang/.npm/qrcode-terminal/0.11.0/package/package.json not in flight; writing
383 verbose correctMkdir /Users/qiaoguoqiang/.npm correctMkdir not in flight; initializing
384 verbose afterAdd /Users/qiaoguoqiang/.npm/qrcode-terminal/0.11.0/package/package.json written
385 http 304 https://registry.npmjs.org/babel-runtime
386 verbose headers { server: 'nginx/1.10.1',
386 verbose headers   'last-modified': 'Sun, 23 Apr 2017 16:49:53 GMT',
386 verbose headers   etag: '"58fcdb31-26894"',
386 verbose headers   'cache-control': 'max-age=300',
386 verbose headers   'accept-ranges': 'bytes',
386 verbose headers   date: 'Tue, 02 May 2017 03:39:58 GMT',
386 verbose headers   via: '1.1 varnish',
386 verbose headers   connection: 'keep-alive',
386 verbose headers   'x-served-by': 'cache-itm7420-ITM',
386 verbose headers   'x-cache': 'MISS',
386 verbose headers   'x-cache-hits': '0',
386 verbose headers   'x-timer': 'S1493696398.948004,VS0,VE127',
386 verbose headers   vary: 'Accept-Encoding' }
387 silly get cb [ 304,
387 silly get   { server: 'nginx/1.10.1',
387 silly get     'last-modified': 'Sun, 23 Apr 2017 16:49:53 GMT',
387 silly get     etag: '"58fcdb31-26894"',
387 silly get     'cache-control': 'max-age=300',
387 silly get     'accept-ranges': 'bytes',
387 silly get     date: 'Tue, 02 May 2017 03:39:58 GMT',
387 silly get     via: '1.1 varnish',
387 silly get     connection: 'keep-alive',
387 silly get     'x-served-by': 'cache-itm7420-ITM',
387 silly get     'x-cache': 'MISS',
387 silly get     'x-cache-hits': '0',
387 silly get     'x-timer': 'S1493696398.948004,VS0,VE127',
387 silly get     vary: 'Accept-Encoding' } ]
388 verbose etag https://registry.npmjs.org/babel-runtime from cache
389 verbose get saving babel-runtime to /Users/qiaoguoqiang/.npm/registry.npmjs.org/babel-runtime/.cache.json
390 verbose correctMkdir /Users/qiaoguoqiang/.npm correctMkdir not in flight; initializing
391 silly resolveWithNewModule babel-runtime@6.23.0 checking installable status
392 silly cache add args [ 'babel-runtime@^6.9.2', null ]
393 verbose cache add spec babel-runtime@^6.9.2
394 silly cache add parsed spec Result {
394 silly cache add   raw: 'babel-runtime@^6.9.2',
394 silly cache add   scope: null,
394 silly cache add   escapedName: 'babel-runtime',
394 silly cache add   name: 'babel-runtime',
394 silly cache add   rawSpec: '^6.9.2',
394 silly cache add   spec: '>=6.9.2 <7.0.0',
394 silly cache add   type: 'range' }
395 silly addNamed babel-runtime@>=6.9.2 <7.0.0
396 verbose addNamed ">=6.9.2 <7.0.0" is a valid semver range for babel-runtime
397 silly addNameRange { name: 'babel-runtime',
397 silly addNameRange   range: '>=6.9.2 <7.0.0',
397 silly addNameRange   hasData: false }
398 silly mapToRegistry name babel-runtime
399 silly mapToRegistry using default registry
400 silly mapToRegistry registry https://registry.npmjs.org/
401 silly mapToRegistry data Result {
401 silly mapToRegistry   raw: 'babel-runtime',
401 silly mapToRegistry   scope: null,
401 silly mapToRegistry   escapedName: 'babel-runtime',
401 silly mapToRegistry   name: 'babel-runtime',
401 silly mapToRegistry   rawSpec: '',
401 silly mapToRegistry   spec: 'latest',
401 silly mapToRegistry   type: 'tag' }
402 silly mapToRegistry uri https://registry.npmjs.org/babel-runtime
403 verbose addNameRange registry:https://registry.npmjs.org/babel-runtime not in flight; fetching
404 verbose get https://registry.npmjs.org/babel-runtime not expired, no request
405 silly addNameRange number 2 { name: 'babel-runtime', range: '>=6.9.2 <7.0.0', hasData: true }
406 silly addNameRange versions [ 'babel-runtime',
406 silly addNameRange   [ '4.0.1',
406 silly addNameRange     '4.0.2',
406 silly addNameRange     '4.1.1',
406 silly addNameRange     '4.2.0',
406 silly addNameRange     '4.2.1',
406 silly addNameRange     '4.3.0',
406 silly addNameRange     '4.4.1',
406 silly addNameRange     '4.4.2',
406 silly addNameRange     '4.4.3',
406 silly addNameRange     '4.4.4',
406 silly addNameRange     '4.4.5',
406 silly addNameRange     '4.4.6',
406 silly addNameRange     '4.5.0',
406 silly addNameRange     '4.5.1',
406 silly addNameRange     '4.5.2',
406 silly addNameRange     '4.5.3',
406 silly addNameRange     '4.5.4',
406 silly addNameRange     '4.5.5',
406 silly addNameRange     '4.6.0',
406 silly addNameRange     '4.6.1',
406 silly addNameRange     '4.6.3',
406 silly addNameRange     '4.6.4',
406 silly addNameRange     '4.6.5',
406 silly addNameRange     '4.6.6',
406 silly addNameRange     '4.7.0',
406 silly addNameRange     '4.7.1',
406 silly addNameRange     '4.7.2',
406 silly addNameRange     '4.7.3',
406 silly addNameRange     '4.7.4',
406 silly addNameRange     '4.7.5',
406 silly addNameRange     '4.7.6',
406 silly addNameRange     '4.7.7',
406 silly addNameRange     '4.7.8',
406 silly addNameRange     '4.7.9',
406 silly addNameRange     '4.7.10',
406 silly addNameRange     '4.7.11',
406 silly addNameRange     '4.7.12',
406 silly addNameRange     '4.7.13',
406 silly addNameRange     '4.7.14',
406 silly addNameRange     '4.7.15',
406 silly addNameRange     '4.7.16',
406 silly addNameRange     '5.0.0-beta1',
406 silly addNameRange     '5.0.0-beta2',
406 silly addNameRange     '5.0.0-beta3',
406 silly addNameRange     '5.0.0-beta4',
406 silly addNameRange     '5.0.0',
406 silly addNameRange     '5.0.1',
406 silly addNameRange     '5.0.2',
406 silly addNameRange     '5.0.3',
406 silly addNameRange     '5.0.4',
406 silly addNameRange     '5.0.5',
406 silly addNameRange     '5.0.6',
406 silly addNameRange     '5.0.7',
406 silly addNameRange     '5.0.8',
406 silly addNameRange     '5.0.9',
406 silly addNameRange     '5.0.10',
406 silly addNameRange     '5.0.11',
406 silly addNameRange     '5.0.12',
406 silly addNameRange     '5.0.13',
406 silly addNameRange     '5.1.0',
406 silly addNameRange     '5.1.1',
406 silly addNameRange     '5.1.2',
406 silly addNameRange     '5.1.3',
406 silly addNameRange     '5.1.4',
406 silly addNameRange     '5.1.5',
406 silly addNameRange     '5.1.6',
406 silly addNameRange     '5.1.7',
406 silly addNameRange     '5.1.8',
406 silly addNameRange     '5.1.9',
406 silly addNameRange     '5.1.10',
406 silly addNameRange     '5.1.11',
406 silly addNameRange     '5.1.12',
406 silly addNameRange     '5.1.13',
406 silly addNameRange     '5.2.0',
406 silly addNameRange     '5.2.1',
406 silly addNameRange     '5.2.2',
406 silly addNameRange     '5.2.3',
406 silly addNameRange     '5.2.4',
406 silly addNameRange     '5.2.5',
406 silly addNameRange     '5.2.6',
406 silly addNameRange     '5.2.7',
406 silly addNameRange     '5.2.9',
406 silly addNameRange     '5.2.10',
406 silly addNameRange     '5.2.11',
406 silly addNameRange     '5.2.12',
406 silly addNameRange     '5.2.13',
406 silly addNameRange     '5.2.14',
406 silly addNameRange     '5.2.15',
406 silly addNameRange     '5.2.16',
406 silly addNameRange     '5.2.17',
406 silly addNameRange     '5.3.0',
406 silly addNameRange     '5.3.1',
406 silly addNameRange     '5.3.2',
406 silly addNameRange     '5.3.3',
406 silly addNameRange     '5.4.0',
406 silly addNameRange     '5.4.1',
406 silly addNameRange     '5.4.2',
406 silly addNameRange     '5.4.3',
406 silly addNameRange     '5.4.4',
406 silly addNameRange     '5.4.5',
406 silly addNameRange     ... 75 more items ] ]
407 silly addNamed babel-runtime@6.23.0
408 verbose addNamed "6.23.0" is a plain semver version for babel-runtime
409 silly cache afterAdd babel-runtime@6.23.0
410 verbose afterAdd /Users/qiaoguoqiang/.npm/babel-runtime/6.23.0/package/package.json not in flight; writing
411 verbose correctMkdir /Users/qiaoguoqiang/.npm correctMkdir not in flight; initializing
412 verbose afterAdd /Users/qiaoguoqiang/.npm/babel-runtime/6.23.0/package/package.json written
413 http 304 https://registry.npmjs.org/fs-promise
414 verbose headers { server: 'nginx/1.10.1',
414 verbose headers   'last-modified': 'Mon, 27 Mar 2017 20:38:02 GMT',
414 verbose headers   etag: '"58d9782a-47a8"',
414 verbose headers   'cache-control': 'max-age=300',
414 verbose headers   'accept-ranges': 'bytes',
414 verbose headers   date: 'Tue, 02 May 2017 03:39:58 GMT',
414 verbose headers   via: '1.1 varnish',
414 verbose headers   connection: 'keep-alive',
414 verbose headers   'x-served-by': 'cache-itm7420-ITM',
414 verbose headers   'x-cache': 'MISS',
414 verbose headers   'x-cache-hits': '0',
414 verbose headers   'x-timer': 'S1493696398.968131,VS0,VE541',
414 verbose headers   vary: 'Accept-Encoding' }
415 silly get cb [ 304,
415 silly get   { server: 'nginx/1.10.1',
415 silly get     'last-modified': 'Mon, 27 Mar 2017 20:38:02 GMT',
415 silly get     etag: '"58d9782a-47a8"',
415 silly get     'cache-control': 'max-age=300',
415 silly get     'accept-ranges': 'bytes',
415 silly get     date: 'Tue, 02 May 2017 03:39:58 GMT',
415 silly get     via: '1.1 varnish',
415 silly get     connection: 'keep-alive',
415 silly get     'x-served-by': 'cache-itm7420-ITM',
415 silly get     'x-cache': 'MISS',
415 silly get     'x-cache-hits': '0',
415 silly get     'x-timer': 'S1493696398.968131,VS0,VE541',
415 silly get     vary: 'Accept-Encoding' } ]
416 verbose etag https://registry.npmjs.org/fs-promise from cache
417 verbose get saving fs-promise to /Users/qiaoguoqiang/.npm/registry.npmjs.org/fs-promise/.cache.json
418 verbose correctMkdir /Users/qiaoguoqiang/.npm correctMkdir not in flight; initializing
419 silly resolveWithNewModule fs-promise@1.0.0 checking installable status
420 silly cache add args [ 'fs-promise@^1.0.0', null ]
421 verbose cache add spec fs-promise@^1.0.0
422 silly cache add parsed spec Result {
422 silly cache add   raw: 'fs-promise@^1.0.0',
422 silly cache add   scope: null,
422 silly cache add   escapedName: 'fs-promise',
422 silly cache add   name: 'fs-promise',
422 silly cache add   rawSpec: '^1.0.0',
422 silly cache add   spec: '>=1.0.0 <2.0.0',
422 silly cache add   type: 'range' }
423 silly addNamed fs-promise@>=1.0.0 <2.0.0
424 verbose addNamed ">=1.0.0 <2.0.0" is a valid semver range for fs-promise
425 silly addNameRange { name: 'fs-promise', range: '>=1.0.0 <2.0.0', hasData: false }
426 silly mapToRegistry name fs-promise
427 silly mapToRegistry using default registry
428 silly mapToRegistry registry https://registry.npmjs.org/
429 silly mapToRegistry data Result {
429 silly mapToRegistry   raw: 'fs-promise',
429 silly mapToRegistry   scope: null,
429 silly mapToRegistry   escapedName: 'fs-promise',
429 silly mapToRegistry   name: 'fs-promise',
429 silly mapToRegistry   rawSpec: '',
429 silly mapToRegistry   spec: 'latest',
429 silly mapToRegistry   type: 'tag' }
430 silly mapToRegistry uri https://registry.npmjs.org/fs-promise
431 verbose addNameRange registry:https://registry.npmjs.org/fs-promise not in flight; fetching
432 verbose get https://registry.npmjs.org/fs-promise not expired, no request
433 silly addNameRange number 2 { name: 'fs-promise', range: '>=1.0.0 <2.0.0', hasData: true }
434 silly addNameRange versions [ 'fs-promise',
434 silly addNameRange   [ '0.0.1',
434 silly addNameRange     '0.0.2',
434 silly addNameRange     '0.1.0',
434 silly addNameRange     '0.2.0',
434 silly addNameRange     '0.3.0',
434 silly addNameRange     '0.3.1',
434 silly addNameRange     '0.4.0',
434 silly addNameRange     '0.4.1',
434 silly addNameRange     '0.5.0',
434 silly addNameRange     '1.0.0',
434 silly addNameRange     '2.0.0',
434 silly addNameRange     '2.0.1',
434 silly addNameRange     '2.0.2' ] ]
435 silly addNamed fs-promise@1.0.0
436 verbose addNamed "1.0.0" is a plain semver version for fs-promise
437 silly cache afterAdd fs-promise@1.0.0
438 verbose afterAdd /Users/qiaoguoqiang/.npm/fs-promise/1.0.0/package/package.json not in flight; writing
439 verbose correctMkdir /Users/qiaoguoqiang/.npm correctMkdir not in flight; initializing
440 verbose afterAdd /Users/qiaoguoqiang/.npm/fs-promise/1.0.0/package/package.json written
441 http 304 https://registry.npmjs.org/match-require
442 verbose headers { server: 'nginx/1.10.1',
442 verbose headers   'last-modified': 'Fri, 31 Mar 2017 05:50:53 GMT',
442 verbose headers   etag: '"58ddee3d-3d78"',
442 verbose headers   'cache-control': 'max-age=300',
442 verbose headers   'accept-ranges': 'bytes',
442 verbose headers   date: 'Tue, 02 May 2017 03:39:58 GMT',
442 verbose headers   via: '1.1 varnish',
442 verbose headers   connection: 'keep-alive',
442 verbose headers   'x-served-by': 'cache-itm7423-ITM',
442 verbose headers   'x-cache': 'MISS',
442 verbose headers   'x-cache-hits': '0',
442 verbose headers   'x-timer': 'S1493696398.251115,VS0,VE130',
442 verbose headers   vary: 'Accept-Encoding' }
443 silly get cb [ 304,
443 silly get   { server: 'nginx/1.10.1',
443 silly get     'last-modified': 'Fri, 31 Mar 2017 05:50:53 GMT',
443 silly get     etag: '"58ddee3d-3d78"',
443 silly get     'cache-control': 'max-age=300',
443 silly get     'accept-ranges': 'bytes',
443 silly get     date: 'Tue, 02 May 2017 03:39:58 GMT',
443 silly get     via: '1.1 varnish',
443 silly get     connection: 'keep-alive',
443 silly get     'x-served-by': 'cache-itm7423-ITM',
443 silly get     'x-cache': 'MISS',
443 silly get     'x-cache-hits': '0',
443 silly get     'x-timer': 'S1493696398.251115,VS0,VE130',
443 silly get     vary: 'Accept-Encoding' } ]
444 verbose etag https://registry.npmjs.org/match-require from cache
445 verbose get saving match-require to /Users/qiaoguoqiang/.npm/registry.npmjs.org/match-require/.cache.json
446 verbose correctMkdir /Users/qiaoguoqiang/.npm correctMkdir not in flight; initializing
447 silly resolveWithNewModule match-require@2.1.0 checking installable status
448 silly cache add args [ 'match-require@^2.0.0', null ]
449 verbose cache add spec match-require@^2.0.0
450 silly cache add parsed spec Result {
450 silly cache add   raw: 'match-require@^2.0.0',
450 silly cache add   scope: null,
450 silly cache add   escapedName: 'match-require',
450 silly cache add   name: 'match-require',
450 silly cache add   rawSpec: '^2.0.0',
450 silly cache add   spec: '>=2.0.0 <3.0.0',
450 silly cache add   type: 'range' }
451 silly addNamed match-require@>=2.0.0 <3.0.0
452 verbose addNamed ">=2.0.0 <3.0.0" is a valid semver range for match-require
453 silly addNameRange { name: 'match-require',
453 silly addNameRange   range: '>=2.0.0 <3.0.0',
453 silly addNameRange   hasData: false }
454 silly mapToRegistry name match-require
455 silly mapToRegistry using default registry
456 silly mapToRegistry registry https://registry.npmjs.org/
457 silly mapToRegistry data Result {
457 silly mapToRegistry   raw: 'match-require',
457 silly mapToRegistry   scope: null,
457 silly mapToRegistry   escapedName: 'match-require',
457 silly mapToRegistry   name: 'match-require',
457 silly mapToRegistry   rawSpec: '',
457 silly mapToRegistry   spec: 'latest',
457 silly mapToRegistry   type: 'tag' }
458 silly mapToRegistry uri https://registry.npmjs.org/match-require
459 verbose addNameRange registry:https://registry.npmjs.org/match-require not in flight; fetching
460 verbose get https://registry.npmjs.org/match-require not expired, no request
461 silly addNameRange number 2 { name: 'match-require', range: '>=2.0.0 <3.0.0', hasData: true }
462 silly addNameRange versions [ 'match-require',
462 silly addNameRange   [ '1.0.0',
462 silly addNameRange     '1.0.1',
462 silly addNameRange     '1.0.2',
462 silly addNameRange     '1.0.3',
462 silly addNameRange     '1.1.0',
462 silly addNameRange     '1.1.1',
462 silly addNameRange     '2.0.0',
462 silly addNameRange     '2.0.1',
462 silly addNameRange     '2.1.0' ] ]
463 silly addNamed match-require@2.1.0
464 verbose addNamed "2.1.0" is a plain semver version for match-require
465 silly cache afterAdd match-require@2.1.0
466 verbose afterAdd /Users/qiaoguoqiang/.npm/match-require/2.1.0/package/package.json not in flight; writing
467 verbose correctMkdir /Users/qiaoguoqiang/.npm correctMkdir not in flight; initializing
468 verbose afterAdd /Users/qiaoguoqiang/.npm/match-require/2.1.0/package/package.json written
469 http 304 https://registry.npmjs.org/xdl
470 verbose headers { server: 'nginx/1.10.1',
470 verbose headers   'last-modified': 'Wed, 19 Apr 2017 22:05:21 GMT',
470 verbose headers   etag: '"58f7df21-53a8d"',
470 verbose headers   'cache-control': 'max-age=300',
470 verbose headers   'accept-ranges': 'bytes',
470 verbose headers   date: 'Tue, 02 May 2017 03:39:59 GMT',
470 verbose headers   via: '1.1 varnish',
470 verbose headers   connection: 'keep-alive',
470 verbose headers   'x-served-by': 'cache-itm7426-ITM',
470 verbose headers   'x-cache': 'MISS',
470 verbose headers   'x-cache-hits': '0',
470 verbose headers   'x-timer': 'S1493696399.910569,VS0,VE131',
470 verbose headers   vary: 'Accept-Encoding' }
471 silly get cb [ 304,
471 silly get   { server: 'nginx/1.10.1',
471 silly get     'last-modified': 'Wed, 19 Apr 2017 22:05:21 GMT',
471 silly get     etag: '"58f7df21-53a8d"',
471 silly get     'cache-control': 'max-age=300',
471 silly get     'accept-ranges': 'bytes',
471 silly get     date: 'Tue, 02 May 2017 03:39:59 GMT',
471 silly get     via: '1.1 varnish',
471 silly get     connection: 'keep-alive',
471 silly get     'x-served-by': 'cache-itm7426-ITM',
471 silly get     'x-cache': 'MISS',
471 silly get     'x-cache-hits': '0',
471 silly get     'x-timer': 'S1493696399.910569,VS0,VE131',
471 silly get     vary: 'Accept-Encoding' } ]
472 verbose etag https://registry.npmjs.org/xdl from cache
473 verbose get saving xdl to /Users/qiaoguoqiang/.npm/registry.npmjs.org/xdl/.cache.json
474 verbose correctMkdir /Users/qiaoguoqiang/.npm correctMkdir not in flight; initializing
475 http 304 https://registry.npmjs.org/progress
476 verbose headers { server: 'nginx/1.10.1',
476 verbose headers   'last-modified': 'Fri, 28 Apr 2017 04:10:12 GMT',
476 verbose headers   etag: '"5902c0a4-5015"',
476 verbose headers   'cache-control': 'max-age=300',
476 verbose headers   'accept-ranges': 'bytes',
476 verbose headers   date: 'Tue, 02 May 2017 03:39:59 GMT',
476 verbose headers   via: '1.1 varnish',
476 verbose headers   connection: 'keep-alive',
476 verbose headers   'x-served-by': 'cache-itm7424-ITM',
476 verbose headers   'x-cache': 'MISS',
476 verbose headers   'x-cache-hits': '0',
476 verbose headers   'x-timer': 'S1493696399.917339,VS0,VE127',
476 verbose headers   vary: 'Accept-Encoding' }
477 silly get cb [ 304,
477 silly get   { server: 'nginx/1.10.1',
477 silly get     'last-modified': 'Fri, 28 Apr 2017 04:10:12 GMT',
477 silly get     etag: '"5902c0a4-5015"',
477 silly get     'cache-control': 'max-age=300',
477 silly get     'accept-ranges': 'bytes',
477 silly get     date: 'Tue, 02 May 2017 03:39:59 GMT',
477 silly get     via: '1.1 varnish',
477 silly get     connection: 'keep-alive',
477 silly get     'x-served-by': 'cache-itm7424-ITM',
477 silly get     'x-cache': 'MISS',
477 silly get     'x-cache-hits': '0',
477 silly get     'x-timer': 'S1493696399.917339,VS0,VE127',
477 silly get     vary: 'Accept-Encoding' } ]
478 verbose etag https://registry.npmjs.org/progress from cache
479 verbose get saving progress to /Users/qiaoguoqiang/.npm/registry.npmjs.org/progress/.cache.json
480 verbose correctMkdir /Users/qiaoguoqiang/.npm correctMkdir not in flight; initializing
481 silly resolveWithNewModule xdl@40.0.0 checking installable status
482 silly cache add args [ 'xdl@^40.0.0', null ]
483 verbose cache add spec xdl@^40.0.0
484 silly cache add parsed spec Result {
484 silly cache add   raw: 'xdl@^40.0.0',
484 silly cache add   scope: null,
484 silly cache add   escapedName: 'xdl',
484 silly cache add   name: 'xdl',
484 silly cache add   rawSpec: '^40.0.0',
484 silly cache add   spec: '>=40.0.0 <41.0.0',
484 silly cache add   type: 'range' }
485 silly addNamed xdl@>=40.0.0 <41.0.0
486 verbose addNamed ">=40.0.0 <41.0.0" is a valid semver range for xdl
487 silly addNameRange { name: 'xdl', range: '>=40.0.0 <41.0.0', hasData: false }
488 silly mapToRegistry name xdl
489 silly mapToRegistry using default registry
490 silly mapToRegistry registry https://registry.npmjs.org/
491 silly mapToRegistry data Result {
491 silly mapToRegistry   raw: 'xdl',
491 silly mapToRegistry   scope: null,
491 silly mapToRegistry   escapedName: 'xdl',
491 silly mapToRegistry   name: 'xdl',
491 silly mapToRegistry   rawSpec: '',
491 silly mapToRegistry   spec: 'latest',
491 silly mapToRegistry   type: 'tag' }
492 silly mapToRegistry uri https://registry.npmjs.org/xdl
493 verbose addNameRange registry:https://registry.npmjs.org/xdl not in flight; fetching
494 verbose get https://registry.npmjs.org/xdl not expired, no request
495 silly addNameRange number 2 { name: 'xdl', range: '>=40.0.0 <41.0.0', hasData: true }
496 silly addNameRange versions [ 'xdl',
496 silly addNameRange   [ '0.0.0',
496 silly addNameRange     '1.0.0',
496 silly addNameRange     '0.0.1',
496 silly addNameRange     '0.0.2',
496 silly addNameRange     '0.0.3',
496 silly addNameRange     '0.0.4',
496 silly addNameRange     '0.0.5',
496 silly addNameRange     '0.0.7',
496 silly addNameRange     '0.0.8',
496 silly addNameRange     '0.0.9',
496 silly addNameRange     '0.0.10',
496 silly addNameRange     '0.0.11',
496 silly addNameRange     '0.0.12',
496 silly addNameRange     '0.0.13',
496 silly addNameRange     '0.0.14',
496 silly addNameRange     '0.0.15',
496 silly addNameRange     '0.0.16',
496 silly addNameRange     '0.0.17',
496 silly addNameRange     '0.0.18',
496 silly addNameRange     '0.0.19',
496 silly addNameRange     '0.0.20',
496 silly addNameRange     '0.0.21',
496 silly addNameRange     '0.0.22',
496 silly addNameRange     '0.0.23',
496 silly addNameRange     '0.0.24',
496 silly addNameRange     '0.0.26',
496 silly addNameRange     '0.0.27',
496 silly addNameRange     '0.0.28',
496 silly addNameRange     '0.0.29',
496 silly addNameRange     '0.0.30',
496 silly addNameRange     '0.0.31',
496 silly addNameRange     '0.0.32',
496 silly addNameRange     '0.0.33',
496 silly addNameRange     '0.0.34',
496 silly addNameRange     '0.0.35',
496 silly addNameRange     '0.1.0',
496 silly addNameRange     '0.1.1',
496 silly addNameRange     '0.2.0',
496 silly addNameRange     '0.3.0',
496 silly addNameRange     '0.4.0',
496 silly addNameRange     '0.5.0',
496 silly addNameRange     '0.6.0',
496 silly addNameRange     '0.7.0',
496 silly addNameRange     '0.7.2',
496 silly addNameRange     '0.7.3',
496 silly addNameRange     '0.7.4',
496 silly addNameRange     '0.8.0',
496 silly addNameRange     '0.8.1',
496 silly addNameRange     '0.9.0',
496 silly addNameRange     '0.10.0',
496 silly addNameRange     '0.10.1',
496 silly addNameRange     '0.10.2',
496 silly addNameRange     '0.10.3',
496 silly addNameRange     '0.10.4',
496 silly addNameRange     '0.10.5',
496 silly addNameRange     '0.11.0',
496 silly addNameRange     '0.12.0',
496 silly addNameRange     '0.13.0',
496 silly addNameRange     '0.14.0',
496 silly addNameRange     '0.15.0',
496 silly addNameRange     '0.16.0',
496 silly addNameRange     '0.17.0',
496 silly addNameRange     '0.17.1',
496 silly addNameRange     '0.17.2',
496 silly addNameRange     '0.17.3',
496 silly addNameRange     '0.17.4',
496 silly addNameRange     '0.17.5',
496 silly addNameRange     '0.18.0',
496 silly addNameRange     '0.19.0',
496 silly addNameRange     '0.19.1',
496 silly addNameRange     '0.20.0',
496 silly addNameRange     '0.21.0',
496 silly addNameRange     '0.21.1',
496 silly addNameRange     '0.21.2',
496 silly addNameRange     '0.22.0',
496 silly addNameRange     '0.23.0',
496 silly addNameRange     '0.23.1',
496 silly addNameRange     '0.24.0',
496 silly addNameRange     '0.25.0',
496 silly addNameRange     '0.26.0',
496 silly addNameRange     '0.26.1',
496 silly addNameRange     '0.26.2',
496 silly addNameRange     '0.26.3',
496 silly addNameRange     '0.26.4',
496 silly addNameRange     '0.26.5',
496 silly addNameRange     '0.26.6',
496 silly addNameRange     '0.26.7',
496 silly addNameRange     '0.26.8',
496 silly addNameRange     '0.27.0',
496 silly addNameRange     '0.27.1',
496 silly addNameRange     '28.0.0',
496 silly addNameRange     '29.0.0',
496 silly addNameRange     '29.1.0',
496 silly addNameRange     '29.2.0',
496 silly addNameRange     '29.3.0',
496 silly addNameRange     '29.4.0',
496 silly addNameRange     '29.5.0',
496 silly addNameRange     '30.0.0',
496 silly addNameRange     '30.0.1',
496 silly addNameRange     '31.0.0',
496 silly addNameRange     ... 16 more items ] ]
497 silly addNamed xdl@40.0.0
498 verbose addNamed "40.0.0" is a plain semver version for xdl
499 silly resolveWithNewModule progress@2.0.0 checking installable status
500 silly cache add args [ 'progress@^2.0.0', null ]
501 verbose cache add spec progress@^2.0.0
502 silly cache add parsed spec Result {
502 silly cache add   raw: 'progress@^2.0.0',
502 silly cache add   scope: null,
502 silly cache add   escapedName: 'progress',
502 silly cache add   name: 'progress',
502 silly cache add   rawSpec: '^2.0.0',
502 silly cache add   spec: '>=2.0.0 <3.0.0',
502 silly cache add   type: 'range' }
503 silly addNamed progress@>=2.0.0 <3.0.0
504 verbose addNamed ">=2.0.0 <3.0.0" is a valid semver range for progress
505 silly addNameRange { name: 'progress', range: '>=2.0.0 <3.0.0', hasData: false }
506 silly mapToRegistry name progress
507 silly mapToRegistry using default registry
508 silly mapToRegistry registry https://registry.npmjs.org/
509 silly mapToRegistry data Result {
509 silly mapToRegistry   raw: 'progress',
509 silly mapToRegistry   scope: null,
509 silly mapToRegistry   escapedName: 'progress',
509 silly mapToRegistry   name: 'progress',
509 silly mapToRegistry   rawSpec: '',
509 silly mapToRegistry   spec: 'latest',
509 silly mapToRegistry   type: 'tag' }
510 silly mapToRegistry uri https://registry.npmjs.org/progress
511 verbose addNameRange registry:https://registry.npmjs.org/progress not in flight; fetching
512 silly mapToRegistry name xdl
513 silly mapToRegistry using default registry
514 silly mapToRegistry registry https://registry.npmjs.org/
515 silly mapToRegistry data Result {
515 silly mapToRegistry   raw: 'xdl',
515 silly mapToRegistry   scope: null,
515 silly mapToRegistry   escapedName: 'xdl',
515 silly mapToRegistry   name: 'xdl',
515 silly mapToRegistry   rawSpec: '',
515 silly mapToRegistry   spec: 'latest',
515 silly mapToRegistry   type: 'tag' }
516 silly mapToRegistry uri https://registry.npmjs.org/xdl
517 verbose addRemoteTarball https://registry.npmjs.org/xdl/-/xdl-40.0.0.tgz not in flight; adding
518 verbose addRemoteTarball [ 'https://registry.npmjs.org/xdl/-/xdl-40.0.0.tgz',
518 verbose addRemoteTarball   '9fee04de06012ecac1b543b10d49090f8accf78c' ]
519 verbose get https://registry.npmjs.org/progress not expired, no request
520 silly addNameRange number 2 { name: 'progress', range: '>=2.0.0 <3.0.0', hasData: true }
521 silly addNameRange versions [ 'progress',
521 silly addNameRange   [ '0.0.1',
521 silly addNameRange     '0.0.2',
521 silly addNameRange     '0.0.3',
521 silly addNameRange     '0.0.4',
521 silly addNameRange     '0.0.5',
521 silly addNameRange     '0.1.0',
521 silly addNameRange     '1.0.0',
521 silly addNameRange     '1.0.1',
521 silly addNameRange     '1.1.0',
521 silly addNameRange     '1.1.2',
521 silly addNameRange     '1.1.3',
521 silly addNameRange     '1.1.4',
521 silly addNameRange     '1.1.5',
521 silly addNameRange     '1.1.6',
521 silly addNameRange     '1.1.7',
521 silly addNameRange     '1.1.8',
521 silly addNameRange     '2.0.0' ] ]
522 silly addNamed progress@2.0.0
523 verbose addNamed "2.0.0" is a plain semver version for progress
524 silly cache afterAdd progress@2.0.0
525 verbose afterAdd /Users/qiaoguoqiang/.npm/progress/2.0.0/package/package.json not in flight; writing
526 verbose correctMkdir /Users/qiaoguoqiang/.npm correctMkdir not in flight; initializing
527 info retry fetch attempt 1 at 11:39:59
528 info attempt registry request try #1 at 11:39:59
529 http fetch GET https://registry.npmjs.org/xdl/-/xdl-40.0.0.tgz
530 verbose request using bearer token for auth
531 verbose afterAdd /Users/qiaoguoqiang/.npm/progress/2.0.0/package/package.json written
532 http 304 https://registry.npmjs.org/minimist
533 verbose headers { server: 'nginx/1.10.1',
533 verbose headers   'last-modified': 'Fri, 28 Apr 2017 08:54:53 GMT',
533 verbose headers   etag: '"5903035d-7548"',
533 verbose headers   'cache-control': 'max-age=300',
533 verbose headers   'accept-ranges': 'bytes',
533 verbose headers   date: 'Tue, 02 May 2017 03:39:59 GMT',
533 verbose headers   via: '1.1 varnish',
533 verbose headers   connection: 'keep-alive',
533 verbose headers   'x-served-by': 'cache-itm7423-ITM',
533 verbose headers   'x-cache': 'MISS',
533 verbose headers   'x-cache-hits': '0',
533 verbose headers   'x-timer': 'S1493696399.954436,VS0,VE159',
533 verbose headers   vary: 'Accept-Encoding' }
534 silly get cb [ 304,
534 silly get   { server: 'nginx/1.10.1',
534 silly get     'last-modified': 'Fri, 28 Apr 2017 08:54:53 GMT',
534 silly get     etag: '"5903035d-7548"',
534 silly get     'cache-control': 'max-age=300',
534 silly get     'accept-ranges': 'bytes',
534 silly get     date: 'Tue, 02 May 2017 03:39:59 GMT',
534 silly get     via: '1.1 varnish',
534 silly get     connection: 'keep-alive',
534 silly get     'x-served-by': 'cache-itm7423-ITM',
534 silly get     'x-cache': 'MISS',
534 silly get     'x-cache-hits': '0',
534 silly get     'x-timer': 'S1493696399.954436,VS0,VE159',
534 silly get     vary: 'Accept-Encoding' } ]
535 verbose etag https://registry.npmjs.org/minimist from cache
536 verbose get saving minimist to /Users/qiaoguoqiang/.npm/registry.npmjs.org/minimist/.cache.json
537 verbose correctMkdir /Users/qiaoguoqiang/.npm correctMkdir not in flight; initializing
538 silly resolveWithNewModule minimist@1.2.0 checking installable status
539 silly cache add args [ 'minimist@^1.2.0', null ]
540 verbose cache add spec minimist@^1.2.0
541 silly cache add parsed spec Result {
541 silly cache add   raw: 'minimist@^1.2.0',
541 silly cache add   scope: null,
541 silly cache add   escapedName: 'minimist',
541 silly cache add   name: 'minimist',
541 silly cache add   rawSpec: '^1.2.0',
541 silly cache add   spec: '>=1.2.0 <2.0.0',
541 silly cache add   type: 'range' }
542 silly addNamed minimist@>=1.2.0 <2.0.0
543 verbose addNamed ">=1.2.0 <2.0.0" is a valid semver range for minimist
544 silly addNameRange { name: 'minimist', range: '>=1.2.0 <2.0.0', hasData: false }
545 silly mapToRegistry name minimist
546 silly mapToRegistry using default registry
547 silly mapToRegistry registry https://registry.npmjs.org/
548 silly mapToRegistry data Result {
548 silly mapToRegistry   raw: 'minimist',
548 silly mapToRegistry   scope: null,
548 silly mapToRegistry   escapedName: 'minimist',
548 silly mapToRegistry   name: 'minimist',
548 silly mapToRegistry   rawSpec: '',
548 silly mapToRegistry   spec: 'latest',
548 silly mapToRegistry   type: 'tag' }
549 silly mapToRegistry uri https://registry.npmjs.org/minimist
550 verbose addNameRange registry:https://registry.npmjs.org/minimist not in flight; fetching
551 verbose get https://registry.npmjs.org/minimist not expired, no request
552 silly addNameRange number 2 { name: 'minimist', range: '>=1.2.0 <2.0.0', hasData: true }
553 silly addNameRange versions [ 'minimist',
553 silly addNameRange   [ '0.0.0',
553 silly addNameRange     '0.0.1',
553 silly addNameRange     '0.0.2',
553 silly addNameRange     '0.0.3',
553 silly addNameRange     '0.0.4',
553 silly addNameRange     '0.0.5',
553 silly addNameRange     '0.0.6',
553 silly addNameRange     '0.0.7',
553 silly addNameRange     '0.0.8',
553 silly addNameRange     '0.0.9',
553 silly addNameRange     '0.0.10',
553 silly addNameRange     '0.1.0',
553 silly addNameRange     '0.2.0',
553 silly addNameRange     '1.0.0',
553 silly addNameRange     '1.1.0',
553 silly addNameRange     '1.1.1',
553 silly addNameRange     '1.1.2',
553 silly addNameRange     '1.1.3',
553 silly addNameRange     '1.2.0' ] ]
554 silly addNamed minimist@1.2.0
555 verbose addNamed "1.2.0" is a plain semver version for minimist
556 silly cache afterAdd minimist@1.2.0
557 verbose afterAdd /Users/qiaoguoqiang/.npm/minimist/1.2.0/package/package.json not in flight; writing
558 verbose correctMkdir /Users/qiaoguoqiang/.npm correctMkdir not in flight; initializing
559 verbose afterAdd /Users/qiaoguoqiang/.npm/minimist/1.2.0/package/package.json written
560 http fetch 200 https://registry.npmjs.org/xdl/-/xdl-40.0.0.tgz
561 silly fetchAndShaCheck shasum 9fee04de06012ecac1b543b10d49090f8accf78c
562 silly rollbackFailedOptional Starting
563 silly rollbackFailedOptional Finishing
564 silly runTopLevelLifecycles Finishing
565 silly install printInstalled
566 verbose stack Error: shasum check failed for /var/folders/tr/v34j0ntj3rsfnsl6sphnpcbc0000gn/T/npm-1477-5ff93b26/registry.npmjs.org/xdl/-/xdl-40.0.0.tgz
566 verbose stack Expected: 9fee04de06012ecac1b543b10d49090f8accf78c
566 verbose stack Actual:   3687807a110fa00394a9daa69fd31be939eb0af1
566 verbose stack From:     https://registry.npmjs.org/xdl/-/xdl-40.0.0.tgz
566 verbose stack     at /usr/local/lib/node_modules/npm/node_modules/sha/index.js:25:8
566 verbose stack     at ReadStream.<anonymous> (/usr/local/lib/node_modules/npm/node_modules/sha/index.js:72:7)
566 verbose stack     at emitNone (events.js:91:20)
566 verbose stack     at ReadStream.emit (events.js:185:7)
566 verbose stack     at endReadableNT (_stream_readable.js:974:12)
566 verbose stack     at _combinedTickCallback (internal/process/next_tick.js:74:11)
566 verbose stack     at process._tickCallback (internal/process/next_tick.js:98:9)
567 verbose cwd /Users/qiaoguoqiang/workspace/projects/amazeui/packages/rnapp
568 error Darwin 14.5.0
569 error argv "/usr/local/bin/node" "/usr/local/bin/npm" "install" "--save-dev" "--save-exact" "react-native-scripts"
570 error node v6.9.1
571 error npm  v3.10.8
572 error shasum check failed for /var/folders/tr/v34j0ntj3rsfnsl6sphnpcbc0000gn/T/npm-1477-5ff93b26/registry.npmjs.org/xdl/-/xdl-40.0.0.tgz
572 error Expected: 9fee04de06012ecac1b543b10d49090f8accf78c
572 error Actual:   3687807a110fa00394a9daa69fd31be939eb0af1
572 error From:     https://registry.npmjs.org/xdl/-/xdl-40.0.0.tgz
573 error If you need help, you may report this error at:
573 error     <https://github.com/npm/npm/issues>
574 verbose exit [ 1, true ]
